Started GET "/" for 127.0.0.1 at 2023-10-05 21:55:45 -0500
  [1m[35m (2.0ms)[0m  [1m[35mCREATE TABLE "schema_migrations" ("version" varchar NOT NULL PRIMARY KEY)[0m
  [1m[35m (0.1ms)[0m  [1m[35mCREATE TABLE "ar_internal_metadata" ("key" varchar NOT NULL PRIMARY KEY, "value" varchar, "created_at" datetime(6) NOT NULL, "updated_at" datetime(6) NOT NULL)[0m
  [1m[36mActiveRecord::SchemaMigration Load (0.1ms)[0m  [1m[34mSELECT "schema_migrations"."version" FROM "schema_migrations" ORDER BY "schema_migrations"."version" ASC[0m
Processing by Rails::WelcomeController#index as HTML
  Rendering /home/alfredo/.rvm/gems/ruby-3.2.2/gems/railties-7.1.0/lib/rails/templates/rails/welcome/index.html.erb
  Rendered /home/alfredo/.rvm/gems/ruby-3.2.2/gems/railties-7.1.0/lib/rails/templates/rails/welcome/index.html.erb (Duration: 0.9ms | Allocations: 373)
Completed 200 OK in 20ms (Views: 12.4ms | ActiveRecord: 0.0ms | Allocations: 7885)


Started GET "/" for 127.0.0.1 at 2023-10-05 21:57:26 -0500
Processing by Rails::WelcomeController#index as HTML
  Rendering /home/alfredo/.rvm/gems/ruby-3.2.2/gems/railties-7.1.0/lib/rails/templates/rails/welcome/index.html.erb
  Rendered /home/alfredo/.rvm/gems/ruby-3.2.2/gems/railties-7.1.0/lib/rails/templates/rails/welcome/index.html.erb (Duration: 0.1ms | Allocations: 12)
Completed 200 OK in 1ms (Views: 0.5ms | ActiveRecord: 0.0ms | Allocations: 210)


Started GET "/files" for 127.0.0.1 at 2023-10-05 21:57:31 -0500
  
ActionController::RoutingError (No route matches [GET] "/files"):
  
Started GET "/" for 127.0.0.1 at 2023-10-05 22:04:27 -0500
  [1m[36mActiveRecord::SchemaMigration Load (0.0ms)[0m  [1m[34mSELECT "schema_migrations"."version" FROM "schema_migrations" ORDER BY "schema_migrations"."version" ASC[0m
  
ActiveRecord::PendingMigrationError (

Migrations are pending. To resolve this issue, run:

        bin/rails db:migrate

You have 1 pending migration:

db/migrate/20231006030359_create_user_files.rb


):
  
activerecord (7.1.0) lib/active_record/migration.rb:753:in `check_pending_migrations'
activerecord (7.1.0) lib/active_record/migration.rb:642:in `block (2 levels) in call'
activesupport (7.1.0) lib/active_support/file_update_checker.rb:85:in `execute'
activesupport (7.1.0) lib/active_support/file_update_checker.rb:95:in `execute_if_updated'
activerecord (7.1.0) lib/active_record/migration.rb:649:in `block in call'
activerecord (7.1.0) lib/active_record/migration.rb:639:in `synchronize'
activerecord (7.1.0) lib/active_record/migration.rb:639:in `call'
actionpack (7.1.0) lib/action_dispatch/middleware/callbacks.rb:29:in `block in call'
activesupport (7.1.0) lib/active_support/callbacks.rb:101:in `run_callbacks'
actionpack (7.1.0) lib/action_dispatch/middleware/callbacks.rb:28:in `call'
actionpack (7.1.0) lib/action_dispatch/middleware/executor.rb:14:in `call'
actionpack (7.1.0) lib/action_dispatch/middleware/actionable_exceptions.rb:16:in `call'
actionpack (7.1.0) lib/action_dispatch/middleware/debug_exceptions.rb:29:in `call'
web-console (4.2.1) lib/web_console/middleware.rb:132:in `call_app'
web-console (4.2.1) lib/web_console/middleware.rb:28:in `block in call'
web-console (4.2.1) lib/web_console/middleware.rb:17:in `catch'
web-console (4.2.1) lib/web_console/middleware.rb:17:in `call'
actionpack (7.1.0) lib/action_dispatch/middleware/show_exceptions.rb:31:in `call'
railties (7.1.0) lib/rails/rack/logger.rb:37:in `call_app'
railties (7.1.0) lib/rails/rack/logger.rb:24:in `block in call'
activesupport (7.1.0) lib/active_support/tagged_logging.rb:135:in `block in tagged'
activesupport (7.1.0) lib/active_support/tagged_logging.rb:39:in `tagged'
activesupport (7.1.0) lib/active_support/tagged_logging.rb:135:in `tagged'
activesupport (7.1.0) lib/active_support/broadcast_logger.rb:212:in `method_missing'
railties (7.1.0) lib/rails/rack/logger.rb:24:in `call'
sprockets-rails (3.4.2) lib/sprockets/rails/quiet_assets.rb:13:in `call'
actionpack (7.1.0) lib/action_dispatch/middleware/remote_ip.rb:92:in `call'
actionpack (7.1.0) lib/action_dispatch/middleware/request_id.rb:28:in `call'
rack (3.0.8) lib/rack/method_override.rb:28:in `call'
rack (3.0.8) lib/rack/runtime.rb:24:in `call'
activesupport (7.1.0) lib/active_support/cache/strategy/local_cache_middleware.rb:29:in `call'
actionpack (7.1.0) lib/action_dispatch/middleware/server_timing.rb:59:in `block in call'
actionpack (7.1.0) lib/action_dispatch/middleware/server_timing.rb:24:in `collect_events'
actionpack (7.1.0) lib/action_dispatch/middleware/server_timing.rb:58:in `call'
actionpack (7.1.0) lib/action_dispatch/middleware/executor.rb:14:in `call'
actionpack (7.1.0) lib/action_dispatch/middleware/static.rb:25:in `call'
rack (3.0.8) lib/rack/sendfile.rb:114:in `call'
actionpack (7.1.0) lib/action_dispatch/middleware/host_authorization.rb:141:in `call'
railties (7.1.0) lib/rails/engine.rb:529:in `call'
puma (6.4.0) lib/puma/configuration.rb:272:in `call'
puma (6.4.0) lib/puma/request.rb:100:in `block in handle_request'
puma (6.4.0) lib/puma/thread_pool.rb:378:in `with_force_shutdown'
puma (6.4.0) lib/puma/request.rb:99:in `handle_request'
puma (6.4.0) lib/puma/server.rb:443:in `process_client'
puma (6.4.0) lib/puma/server.rb:241:in `block in run'
puma (6.4.0) lib/puma/thread_pool.rb:155:in `block in spawn_thread'
  [1m[36mActiveRecord::InternalMetadata Load (0.1ms)[0m  [1m[34mSELECT * FROM "ar_internal_metadata" WHERE "ar_internal_metadata"."key" = ? ORDER BY "ar_internal_metadata"."key" ASC LIMIT 1[0m  [[nil, "environment"]]
  [1m[36mActiveRecord::InternalMetadata Create (2.5ms)[0m  [1m[32mINSERT INTO "ar_internal_metadata" ("key", "value", "created_at", "updated_at") VALUES ('environment', 'development', '2023-10-06 03:05:10.637009', '2023-10-06 03:05:10.637011') RETURNING "key"[0m
  [1m[36mActiveRecord::SchemaMigration Load (0.0ms)[0m  [1m[34mSELECT "schema_migrations"."version" FROM "schema_migrations" ORDER BY "schema_migrations"."version" ASC[0m
Migrating to CreateUserFiles (20231006030359)
  [1m[36mActiveRecord::InternalMetadata Load (0.1ms)[0m  [1m[34mSELECT * FROM "ar_internal_metadata" WHERE "ar_internal_metadata"."key" = ? ORDER BY "ar_internal_metadata"."key" ASC LIMIT 1[0m  [[nil, "environment"]]
  [1m[36mActiveRecord::SchemaMigration Load (0.0ms)[0m  [1m[34mSELECT "schema_migrations"."version" FROM "schema_migrations" ORDER BY "schema_migrations"."version" ASC[0m
Migrating to CreateUserFiles (20231006030359)
  [1m[36mActiveRecord::InternalMetadata Load (0.1ms)[0m  [1m[34mSELECT * FROM "ar_internal_metadata" WHERE "ar_internal_metadata"."key" = ? ORDER BY "ar_internal_metadata"."key" ASC LIMIT 1[0m  [[nil, "environment"]]
  [1m[36mActiveRecord::SchemaMigration Load (0.1ms)[0m  [1m[34mSELECT "schema_migrations"."version" FROM "schema_migrations" ORDER BY "schema_migrations"."version" ASC[0m
Migrating to CreateUserFiles (20231006030359)
  [1m[36mTRANSACTION (0.0ms)[0m  [1m[36mbegin transaction[0m
  [1m[35m (2.1ms)[0m  [1m[35mCREATE TABLE "user_files" ("id" integer PRIMARY KEY AUTOINCREMENT NOT NULL, "name" varchar, "created_at" datetime(6) NOT NULL, "updated_at" datetime(6) NOT NULL)[0m
  [1m[35m (0.1ms)[0m  [1m[35mCREATE UNIQUE INDEX "index_user_files_on_name" ON "user_files" ("name")[0m
  [1m[36mActiveRecord::SchemaMigration Create (0.1ms)[0m  [1m[32mINSERT INTO "schema_migrations" ("version") VALUES ('20231006030359') RETURNING "version"[0m
  [1m[36mTRANSACTION (0.1ms)[0m  [1m[36mcommit transaction[0m
  [1m[36mActiveRecord::SchemaMigration Load (0.0ms)[0m  [1m[34mSELECT "schema_migrations"."version" FROM "schema_migrations" ORDER BY "schema_migrations"."version" ASC[0m
Started GET "/" for 127.0.0.1 at 2023-10-05 22:05:37 -0500
  [1m[36mActiveRecord::SchemaMigration Load (0.0ms)[0m  [1m[34mSELECT "schema_migrations"."version" FROM "schema_migrations" ORDER BY "schema_migrations"."version" ASC[0m
Processing by Rails::WelcomeController#index as HTML
  Rendering /home/alfredo/.rvm/gems/ruby-3.2.2/gems/railties-7.1.0/lib/rails/templates/rails/welcome/index.html.erb
  Rendered /home/alfredo/.rvm/gems/ruby-3.2.2/gems/railties-7.1.0/lib/rails/templates/rails/welcome/index.html.erb (Duration: 0.6ms | Allocations: 260)
Completed 200 OK in 2ms (Views: 1.4ms | ActiveRecord: 0.0ms | Allocations: 889)


Started GET "/userfiles" for 127.0.0.1 at 2023-10-05 22:05:43 -0500
  
ActionController::RoutingError (No route matches [GET] "/userfiles"):
  
